mode: atomic
github.com/RudsonCarvalho/sageway/internal/config/config.go:122.65,125.31 3 12
github.com/RudsonCarvalho/sageway/internal/config/config.go:125.31,127.10 2 94
github.com/RudsonCarvalho/sageway/internal/config/config.go:127.10,129.12 2 15
github.com/RudsonCarvalho/sageway/internal/config/config.go:131.3,131.18 1 79
github.com/RudsonCarvalho/sageway/internal/config/config.go:133.2,133.22 1 12
github.com/RudsonCarvalho/sageway/internal/config/config.go:133.22,135.3 1 2
github.com/RudsonCarvalho/sageway/internal/config/config.go:136.2,136.20 1 10
github.com/RudsonCarvalho/sageway/internal/config/config.go:140.31,151.2 1 10
github.com/RudsonCarvalho/sageway/internal/config/config.go:154.59,161.2 1 10
github.com/RudsonCarvalho/sageway/internal/config/config.go:164.61,169.2 1 10
github.com/RudsonCarvalho/sageway/internal/config/config.go:172.63,178.2 1 10
github.com/RudsonCarvalho/sageway/internal/config/config.go:181.61,188.2 1 10
github.com/RudsonCarvalho/sageway/internal/config/config.go:192.44,194.16 2 10
github.com/RudsonCarvalho/sageway/internal/config/config.go:194.16,196.3 1 1
github.com/RudsonCarvalho/sageway/internal/config/config.go:197.2,214.8 1 9
github.com/RudsonCarvalho/sageway/internal/config/config.go:219.54,221.16 2 2
github.com/RudsonCarvalho/sageway/internal/config/config.go:221.16,223.3 1 1
github.com/RudsonCarvalho/sageway/internal/config/config.go:224.2,232.8 1 1
github.com/RudsonCarvalho/sageway/internal/config/config.go:236.49,237.36 1 77
github.com/RudsonCarvalho/sageway/internal/config/config.go:237.36,239.3 1 1
github.com/RudsonCarvalho/sageway/internal/config/config.go:240.2,240.12 1 76
github.com/RudsonCarvalho/sageway/internal/config/config.go:244.75,246.9 2 89
github.com/RudsonCarvalho/sageway/internal/config/config.go:246.9,248.3 1 86
github.com/RudsonCarvalho/sageway/internal/config/config.go:249.2,250.16 2 3
github.com/RudsonCarvalho/sageway/internal/config/config.go:250.16,252.3 1 1
github.com/RudsonCarvalho/sageway/internal/config/config.go:253.2,253.10 1 2
github.com/RudsonCarvalho/sageway/internal/config/config.go:257.50,259.9 2 30
github.com/RudsonCarvalho/sageway/internal/config/config.go:259.9,261.3 1 27
github.com/RudsonCarvalho/sageway/internal/config/config.go:262.2,263.16 2 3
github.com/RudsonCarvalho/sageway/internal/config/config.go:263.16,265.3 1 1
github.com/RudsonCarvalho/sageway/internal/config/config.go:266.2,266.10 1 2
